2026-04-26 16:58:29,460 [INFO] scraper: Scraped 1 fresh articles from Test Source
2026-04-26 16:58:29,465 [INFO] scraper: Scraped 0 fresh articles from Test Source
2026-04-26 16:58:29,468 [WARNING] scraper: Feed fetch failed for Bad Source: network error
2026-04-26 16:58:29,496 [INFO] sender: Telegram message sent (14 chars)
2026-04-26 16:58:29,501 [WARNING] sender: Telegram send attempt 1 failed: network error
2026-04-26 16:58:29,501 [INFO] sender: Telegram message sent (10 chars)
2026-04-26 16:59:31,133 [INFO] categorizer: Categorized 2 items — 1 alerts, 1 AI, 0 gaming
2026-04-26 16:59:31,137 [INFO] categorizer: Categorized 2 items — 1 alerts, 1 AI, 0 gaming
2026-04-26 17:01:31,593 [INFO] runner: Starting FULL briefing run
2026-04-26 17:01:31,593 [INFO] runner: Total items collected: 1
2026-04-26 17:01:31,593 [INFO] runner: FULL briefing sent
2026-04-26 17:01:31,595 [INFO] runner: Starting FULL briefing run
2026-04-26 17:01:31,595 [INFO] runner: Total items collected: 1
2026-04-26 17:01:31,596 [ERROR] runner: Categorization failed: LM Studio down
2026-04-26 17:01:31,599 [INFO] runner: Starting ALERT scan
2026-04-26 17:01:31,600 [INFO] runner: No HIGH ALERTs detected — silent run
2026-04-26 17:01:31,603 [INFO] runner: Starting ALERT scan
2026-04-26 17:01:31,604 [INFO] runner: HIGH ALERT sent: Ransomware
2026-04-26 17:03:04,786 [INFO] scheduler: Scheduler: Asia/Kuala_Lumpur offset from local = +0h
2026-04-26 17:03:04,786 [INFO] scheduler: Full briefing scheduled at local 08:00 (08:00 MYT)
2026-04-26 17:03:04,787 [INFO] scheduler: Full briefing scheduled at local 20:00 (20:00 MYT)
2026-04-26 17:03:04,787 [INFO] scheduler: Alert scan scheduled every hour
2026-04-26 17:03:04,792 [INFO] scheduler: Scheduler: Asia/Kuala_Lumpur offset from local = -13h
2026-04-26 17:03:04,792 [INFO] scheduler: Full briefing scheduled at local 19:00 (08:00 MYT)
2026-04-26 17:03:04,792 [INFO] scheduler: Full briefing scheduled at local 07:00 (20:00 MYT)
2026-04-26 17:03:04,792 [INFO] scheduler: Alert scan scheduled every hour
2026-04-26 17:22:51,346 [INFO] categorizer: Categorized 2 items — 1 alerts, 1 AI, 0 gaming
2026-04-26 17:22:51,351 [INFO] categorizer: Categorized 2 items — 1 alerts, 1 AI, 0 gaming
2026-04-26 17:22:51,563 [INFO] runner: Starting FULL briefing run
2026-04-26 17:22:51,563 [INFO] runner: Total items collected: 1
2026-04-26 17:22:51,564 [INFO] runner: FULL briefing sent
2026-04-26 17:22:51,566 [INFO] runner: Starting FULL briefing run
2026-04-26 17:22:51,566 [INFO] runner: Total items collected: 1
2026-04-26 17:22:51,566 [ERROR] runner: Categorization failed: LM Studio down
2026-04-26 17:22:51,568 [INFO] runner: Starting ALERT scan
2026-04-26 17:22:51,568 [INFO] runner: No HIGH ALERTs detected — silent run
2026-04-26 17:22:51,570 [INFO] runner: Starting ALERT scan
2026-04-26 17:22:51,570 [INFO] runner: HIGH ALERT sent: Ransomware
2026-04-26 17:22:51,586 [INFO] scheduler: Scheduler: Asia/Kuala_Lumpur offset from local = +0h
2026-04-26 17:22:51,587 [INFO] scheduler: Full briefing scheduled at local 08:00 (08:00 MYT)
2026-04-26 17:22:51,587 [INFO] scheduler: Full briefing scheduled at local 20:00 (20:00 MYT)
2026-04-26 17:22:51,587 [INFO] scheduler: Alert scan scheduled every hour
2026-04-26 17:22:51,592 [INFO] scheduler: Scheduler: Asia/Kuala_Lumpur offset from local = -13h
2026-04-26 17:22:51,593 [INFO] scheduler: Full briefing scheduled at local 19:00 (08:00 MYT)
2026-04-26 17:22:51,593 [INFO] scheduler: Full briefing scheduled at local 07:00 (20:00 MYT)
2026-04-26 17:22:51,593 [INFO] scheduler: Alert scan scheduled every hour
2026-04-26 17:22:51,597 [INFO] scraper: Scraped 1 fresh articles from Test Source
2026-04-26 17:22:51,599 [INFO] scraper: Scraped 0 fresh articles from Test Source
2026-04-26 17:22:51,600 [WARNING] scraper: Feed fetch failed for Bad Source: network error
2026-04-26 17:22:51,604 [INFO] sender: Telegram message sent (14 chars)
2026-04-26 17:22:51,606 [WARNING] sender: Telegram send attempt 1 failed: network error
2026-04-26 17:22:51,607 [INFO] sender: Telegram message sent (10 chars)
